2026-06-03 16:54:46,819 INFO o.a.j.u.JMeterUtils: Setting Locale to en_EN
2026-06-03 16:54:46,832 INFO o.a.j.JMeter: Loading user properties from: user.properties
2026-06-03 16:54:46,832 INFO o.a.j.JMeter: Loading system properties from: system.properties
2026-06-03 16:54:46,836 INFO o.a.j.JMeter: Copyright (c) 1998-2024 The Apache Software Foundation
2026-06-03 16:54:46,836 INFO o.a.j.JMeter: Version 5.6.3
2026-06-03 16:54:46,836 INFO o.a.j.JMeter: java.version=22.0.2
2026-06-03 16:54:46,836 INFO o.a.j.JMeter: java.vm.name=Java HotSpot(TM) 64-Bit Server VM
2026-06-03 16:54:46,836 INFO o.a.j.JMeter: os.name=Windows 11
2026-06-03 16:54:46,836 INFO o.a.j.JMeter: os.arch=amd64
2026-06-03 16:54:46,836 INFO o.a.j.JMeter: os.version=10.0
2026-06-03 16:54:46,836 INFO o.a.j.JMeter: file.encoding=UTF-8
2026-06-03 16:54:46,836 INFO o.a.j.JMeter: java.awt.headless=true
2026-06-03 16:54:46,836 INFO o.a.j.JMeter: Max memory     =1073741824
2026-06-03 16:54:46,836 INFO o.a.j.JMeter: Available Processors =20
2026-06-03 16:54:46,843 INFO o.a.j.JMeter: Default Locale=English (EN)
2026-06-03 16:54:46,843 INFO o.a.j.JMeter: JMeter  Locale=English (EN)
2026-06-03 16:54:46,843 INFO o.a.j.JMeter: JMeterHome=C:\Users\Ninym\Downloads\apache-jmeter-5.6.3\apache-jmeter-5.6.3
2026-06-03 16:54:46,843 INFO o.a.j.JMeter: user.dir  =C:\Users\Ninym\Downloads\apache-jmeter-5.6.3\apache-jmeter-5.6.3\bin
2026-06-03 16:54:46,844 INFO o.a.j.JMeter: PWD       =C:\Users\Ninym\Downloads\apache-jmeter-5.6.3\apache-jmeter-5.6.3\bin
2026-06-03 16:54:46,847 INFO o.a.j.JMeter: IP: 10.63.93.161 Name: Shikai FullName: Shikai
2026-06-03 16:54:46,861 INFO o.a.j.s.FileServer: Default base='C:\Users\Ninym\Downloads\apache-jmeter-5.6.3\apache-jmeter-5.6.3\bin'
2026-06-03 16:54:46,862 INFO o.a.j.s.FileServer: Set new base='C:\Users\Ninym\Downloads\apache-jmeter-5.6.3\apache-jmeter-5.6.3\bin'
2026-06-03 16:54:46,967 INFO o.a.j.s.SaveService: Testplan (JMX) version: 2.2. Testlog (JTL) version: 2.2
2026-06-03 16:54:46,989 INFO o.a.j.s.SaveService: Using SaveService properties version 5.0
2026-06-03 16:54:46,991 INFO o.a.j.s.SaveService: Using SaveService properties file encoding UTF-8
2026-06-03 16:54:46,994 INFO o.a.j.s.SaveService: Loading file: View Results Tree.jmx
2026-06-03 16:54:47,029 INFO o.a.j.p.h.s.HTTPSamplerBase: Parser for text/html is org.apache.jmeter.protocol.http.parser.LagartoBasedHtmlParser
2026-06-03 16:54:47,029 INFO o.a.j.p.h.s.HTTPSamplerBase: Parser for application/xhtml+xml is org.apache.jmeter.protocol.http.parser.LagartoBasedHtmlParser
2026-06-03 16:54:47,031 INFO o.a.j.p.h.s.HTTPSamplerBase: Parser for application/xml is org.apache.jmeter.protocol.http.parser.LagartoBasedHtmlParser
2026-06-03 16:54:47,031 INFO o.a.j.p.h.s.HTTPSamplerBase: Parser for text/xml is org.apache.jmeter.protocol.http.parser.LagartoBasedHtmlParser
2026-06-03 16:54:47,031 INFO o.a.j.p.h.s.HTTPSamplerBase: Parser for text/vnd.wap.wml is org.apache.jmeter.protocol.http.parser.RegexpHTMLParser
2026-06-03 16:54:47,031 INFO o.a.j.p.h.s.HTTPSamplerBase: Parser for text/css is org.apache.jmeter.protocol.http.parser.CssParser
2026-06-03 16:54:47,045 INFO o.a.j.JMeter: Creating summariser <summary>
2026-06-03 16:54:47,052 INFO o.a.j.e.StandardJMeterEngine: Running the test!
2026-06-03 16:54:47,052 INFO o.a.j.s.SampleEvent: List of sample_variables: []
2026-06-03 16:54:47,054 INFO o.a.j.s.SampleEvent: List of sample_variables: []
2026-06-03 16:54:47,056 INFO o.a.j.e.u.CompoundVariable: Note: Function class names must contain the string: '.functions.'
2026-06-03 16:54:47,056 INFO o.a.j.e.u.CompoundVariable: Note: Function class names must not contain the string: '.gui.'
2026-06-03 16:54:47,100 INFO o.a.j.JMeter: Running test (1780480487100)
2026-06-03 16:54:47,110 INFO o.a.j.e.StandardJMeterEngine: Starting ThreadGroup: 1 : Thread Group
2026-06-03 16:54:47,110 INFO o.a.j.e.StandardJMeterEngine: Starting 10 threads for group Thread Group.
2026-06-03 16:54:47,110 INFO o.a.j.e.StandardJMeterEngine: Thread will continue on error
2026-06-03 16:54:47,110 INFO o.a.j.t.ThreadGroup: Starting thread group... number=1 threads=10 ramp-up=2 delayedStart=false
2026-06-03 16:54:47,115 INFO o.a.j.t.ThreadGroup: Started thread group number 1
2026-06-03 16:54:47,116 INFO o.a.j.e.StandardJMeterEngine: All thread groups have been started
2026-06-03 16:54:47,115 INFO o.a.j.t.JMeterThread: Thread started: Thread Group 1-1
2026-06-03 16:54:47,125 INFO o.a.j.p.h.s.HTTPHCAbstractImpl: Local host = Shikai
2026-06-03 16:54:47,128 INFO o.a.j.p.h.s.HTTPHC4Impl: HTTP request retry count = 0
2026-06-03 16:54:47,129 INFO o.a.j.s.SampleResult: Note: Sample TimeStamps are START times
2026-06-03 16:54:47,129 INFO o.a.j.s.SampleResult: sampleresult.default.encoding is set to UTF-8
2026-06-03 16:54:47,129 INFO o.a.j.s.SampleResult: sampleresult.useNanoTime=true
2026-06-03 16:54:47,129 INFO o.a.j.s.SampleResult: sampleresult.nanoThreadSleep=5000
2026-06-03 16:54:47,182 INFO o.a.j.p.h.s.h.LazyLayeredConnectionSocketFactory: Setting up HTTPS TrustAll Socket Factory
2026-06-03 16:54:47,185 INFO o.a.j.u.JsseSSLManager: Using default SSL protocol: TLS
2026-06-03 16:54:47,186 INFO o.a.j.u.JsseSSLManager: SSL session context: per-thread
2026-06-03 16:54:47,278 INFO o.a.j.u.SSLManager: JmeterKeyStore Location:  type JKS
2026-06-03 16:54:47,281 INFO o.a.j.u.SSLManager: KeyStore created OK
2026-06-03 16:54:47,281 WARN o.a.j.u.SSLManager: Keystore file not found, loading empty keystore
2026-06-03 16:54:47,313 INFO o.a.j.t.JMeterThread: Thread started: Thread Group 1-2
2026-06-03 16:54:47,513 INFO o.a.j.t.JMeterThread: Thread started: Thread Group 1-3
2026-06-03 16:54:47,643 INFO o.a.j.t.JMeterThread: Thread is done: Thread Group 1-2
2026-06-03 16:54:47,643 INFO o.a.j.t.JMeterThread: Thread finished: Thread Group 1-2
2026-06-03 16:54:47,647 INFO o.a.j.t.JMeterThread: Thread is done: Thread Group 1-1
2026-06-03 16:54:47,647 INFO o.a.j.t.JMeterThread: Thread finished: Thread Group 1-1
2026-06-03 16:54:47,687 INFO o.a.j.t.JMeterThread: Thread is done: Thread Group 1-3
2026-06-03 16:54:47,687 INFO o.a.j.t.JMeterThread: Thread finished: Thread Group 1-3
2026-06-03 16:54:47,713 INFO o.a.j.t.JMeterThread: Thread started: Thread Group 1-4
2026-06-03 16:54:47,913 INFO o.a.j.t.JMeterThread: Thread started: Thread Group 1-5
2026-06-03 16:54:47,942 INFO o.a.j.t.JMeterThread: Thread is done: Thread Group 1-4
2026-06-03 16:54:47,942 INFO o.a.j.t.JMeterThread: Thread finished: Thread Group 1-4
2026-06-03 16:54:48,094 INFO o.a.j.t.JMeterThread: Thread is done: Thread Group 1-5
2026-06-03 16:54:48,096 INFO o.a.j.t.JMeterThread: Thread finished: Thread Group 1-5
2026-06-03 16:54:48,112 INFO o.a.j.t.JMeterThread: Thread started: Thread Group 1-6
2026-06-03 16:54:48,284 INFO o.a.j.t.JMeterThread: Thread is done: Thread Group 1-6
2026-06-03 16:54:48,284 INFO o.a.j.t.JMeterThread: Thread finished: Thread Group 1-6
2026-06-03 16:54:48,311 INFO o.a.j.t.JMeterThread: Thread started: Thread Group 1-7
2026-06-03 16:54:48,482 INFO o.a.j.t.JMeterThread: Thread is done: Thread Group 1-7
2026-06-03 16:54:48,482 INFO o.a.j.t.JMeterThread: Thread finished: Thread Group 1-7
2026-06-03 16:54:48,511 INFO o.a.j.t.JMeterThread: Thread started: Thread Group 1-8
2026-06-03 16:54:48,712 INFO o.a.j.t.JMeterThread: Thread started: Thread Group 1-9
2026-06-03 16:54:48,749 INFO o.a.j.t.JMeterThread: Thread is done: Thread Group 1-8
2026-06-03 16:54:48,749 INFO o.a.j.t.JMeterThread: Thread finished: Thread Group 1-8
2026-06-03 16:54:48,912 INFO o.a.j.t.JMeterThread: Thread started: Thread Group 1-10
2026-06-03 16:54:48,999 INFO o.a.j.t.JMeterThread: Thread is done: Thread Group 1-9
2026-06-03 16:54:48,999 INFO o.a.j.t.JMeterThread: Thread finished: Thread Group 1-9
2026-06-03 16:54:49,187 INFO o.a.j.t.JMeterThread: Thread is done: Thread Group 1-10
2026-06-03 16:54:49,187 INFO o.a.j.t.JMeterThread: Thread finished: Thread Group 1-10
2026-06-03 16:54:49,189 INFO o.a.j.e.StandardJMeterEngine: Notifying test listeners of end of test
2026-06-03 16:54:49,191 INFO o.a.j.r.Summariser: summary =    100 in 00:00:02 =   47.9/s Avg:    24 Min:    11 Max:   336 Err:     0 (0.00%)
